Summary of SPARK analysis
=========================

---------------------------------------------------------------------------------------------------------
SPARK Analysis results        Total        Flow   Interval   CodePeer      Provers   Justified   Unproved
---------------------------------------------------------------------------------------------------------
Data Dependencies                18          18          .          .            .           .          .
Flow Dependencies                10          10          .          .            .           .          .
Initialization                    2           2          .          .            .           .          .
Non-Aliasing                      .           .          .          .            .           .          .
Run-time Checks                  70           .          .          .    64 (CVC4)           .          6
Assertions                        .           .          .          .            .           .          .
Functional Contracts             21           .          .          .    21 (CVC4)           .          .
LSP Verification                  .           .          .          .            .           .          .
---------------------------------------------------------------------------------------------------------
Total                           121    30 (25%)          .          .     85 (70%)           .     6 (5%)


max steps used for successful proof: 1

Analyzed 2 units
in unit borst, 23 subprograms and packages out of 23 analyzed
  borst at borst.ads:1 flow analyzed (0 errors, 0 checks and 0 warnings) and proved (0 checks)
  borst.AddFreight at borst.ads:184 flow analyzed (0 errors, 0 checks and 0 warnings) and not proved, 11 checks out of 13 proved
  borst.AddPassenger at borst.ads:166 flow analyzed (0 errors, 0 checks and 0 warnings) and not proved, 9 checks out of 11 proved
  borst.AddRod at borst.ads:71 flow analyzed (0 errors, 0 checks and 0 warnings) and proved (3 checks)
  borst.AddTrainCar at borst.ads:110 flow analyzed (0 errors, 0 checks and 0 warnings) and proved (2 checks)
  borst.CalcWeight at borst.ads:203 flow analyzed (0 errors, 0 checks and 0 warnings) and proved (12 checks)
  borst.ChangeCarriageType at borst.ads:161 flow analyzed (0 errors, 0 checks and 0 warnings) and proved (3 checks)
  borst.DoMaintenance at borst.ads:89 flow analyzed (0 errors, 0 checks and 0 warnings) and proved (1 checks)
  borst.EmergencyStop at borst.ads:130 flow analyzed (0 errors, 0 checks and 0 warnings) and proved (0 checks)
  borst.FillTank at borst.ads:140 flow analyzed (0 errors, 0 checks and 0 warnings) and proved (1 checks)
  borst.GetCurrentSpeed at borst.ads:127 flow analyzed (0 errors, 0 checks and 0 warnings) and proved (6 checks)
  borst.GetHeat at borst.ads:124 flow analyzed (0 errors, 0 checks and 0 warnings) and proved (4 checks)
  borst.GetMax at borst.ads:121 flow analyzed (0 errors, 0 checks and 0 warnings) and proved (4 checks)
  borst.HeatL at borst.ads:134 flow analyzed (0 errors, 0 checks and 0 warnings) and proved (1 checks)
  borst.MaintL at borst.ads:150 flow analyzed (0 errors, 0 checks and 0 warnings) and proved (2 checks)
  borst.RemoveFreight at borst.ads:194 flow analyzed (0 errors, 0 checks and 0 warnings) and not proved, 8 checks out of 9 proved
  borst.RemovePassenger at borst.ads:176 flow analyzed (0 errors, 0 checks and 0 warnings) and not proved, 8 checks out of 9 proved
  borst.RemoveRod at borst.ads:80 flow analyzed (0 errors, 0 checks and 0 warnings) and proved (3 checks)
  borst.RemoveTrainCar at borst.ads:116 flow analyzed (0 errors, 0 checks and 0 warnings) and proved (2 checks)
  borst.SpeedL at borst.ads:155 flow analyzed (0 errors, 0 checks and 0 warnings) and proved (1 checks)
  borst.StartEngine at borst.ads:97 flow analyzed (0 errors, 0 checks and 0 warnings) and proved (1 checks)
  borst.StopEngine at borst.ads:104 flow analyzed (0 errors, 0 checks and 0 warnings) and proved (1 checks)
  borst.TankL at borst.ads:145 flow analyzed (0 errors, 0 checks and 0 warnings) and proved (2 checks)
in unit main, 0 subprograms and packages out of 1 analyzed
  Main at main.adb:4 skipped
